<?xml version="1.0" encoding="UTF-8"?>
<!-- Generated by org.testng.reporters.JUnitXMLReporter -->
<testsuite ignored="0" hostname="DESKTOP-OVVO66B" failures="0" tests="4" name="Default test" time="42.963" errors="0" timestamp="2022-10-11T18:10:53 IST">
  <testcase classname="Test1.ALTORO_MUTUAL.Altoro_test1" name="open_url" time="18.165"/>
  <testcase classname="Test1.ALTORO_MUTUAL.Altoro_test1" name="open_url1" time="3.889"/>
  <testcase classname="Test1.ALTORO_MUTUAL.Altoro_test1" name="open_url2" time="3.048"/>
  <testcase classname="Test1.ALTORO_MUTUAL.Altoro_test1" name="open_transactions" time="7.834"/>
</testsuite> <!-- Default test -->
