<?xml version="1.0" encoding="UTF-8"?>
<testng-results ignored="0" total="4" passed="4" failed="0" skipped="0">
  <reporter-output>
  </reporter-output>
  <suite started-at="2022-10-11T18:10:10 IST" name="Default suite" finished-at="2022-10-11T18:10:53 IST" duration-ms="42963">
    <groups>
    </groups>
    <test started-at="2022-10-11T18:10:10 IST" name="Default test" finished-at="2022-10-11T18:10:53 IST" duration-ms="42963">
      <class name="Test1.ALTORO_MUTUAL.Altoro_test1">
        <test-method is-config="true" signature="open_browser()[pri:0, instance:Test1.ALTORO_MUTUAL.Altoro_test1@323b36e0]" started-at="2022-10-11T18:10:10 IST" name="open_browser" finished-at="2022-10-11T18:10:16 IST" duration-ms="6312" status="PASS">
          <reporter-output>
          </reporter-output>
        </test-method> <!-- open_browser -->
        <test-method signature="open_url()[pri:1, instance:Test1.ALTORO_MUTUAL.Altoro_test1@323b36e0]" started-at="2022-10-11T18:10:17 IST" name="open_url" finished-at="2022-10-11T18:10:35 IST" duration-ms="18165" status="PASS">
          <reporter-output>
          </reporter-output>
        </test-method> <!-- open_url -->
        <test-method signature="open_url1()[pri:2, instance:Test1.ALTORO_MUTUAL.Altoro_test1@323b36e0]" started-at="2022-10-11T18:10:35 IST" name="open_url1" finished-at="2022-10-11T18:10:39 IST" duration-ms="3889" status="PASS">
          <reporter-output>
          </reporter-output>
        </test-method> <!-- open_url1 -->
        <test-method signature="open_url2()[pri:3, instance:Test1.ALTORO_MUTUAL.Altoro_test1@323b36e0]" started-at="2022-10-11T18:10:39 IST" name="open_url2" finished-at="2022-10-11T18:10:42 IST" duration-ms="3048" status="PASS">
          <reporter-output>
          </reporter-output>
        </test-method> <!-- open_url2 -->
        <test-method signature="open_transactions()[pri:4, instance:Test1.ALTORO_MUTUAL.Altoro_test1@323b36e0]" started-at="2022-10-11T18:10:42 IST" name="open_transactions" finished-at="2022-10-11T18:10:50 IST" duration-ms="7834" status="PASS">
          <reporter-output>
          </reporter-output>
        </test-method> <!-- open_transactions -->
        <test-method is-config="true" signature="close_browser()[pri:0, instance:Test1.ALTORO_MUTUAL.Altoro_test1@323b36e0]" started-at="2022-10-11T18:10:50 IST" name="close_browser" finished-at="2022-10-11T18:10:53 IST" duration-ms="3552" status="PASS">
          <reporter-output>
          </reporter-output>
        </test-method> <!-- close_browser -->
      </class> <!-- Test1.ALTORO_MUTUAL.Altoro_test1 -->
    </test> <!-- Default test -->
  </suite> <!-- Default suite -->
</testng-results>
